<?xml version="1.0" encoding="UTF-8"?>
<!-- Generated by org.testng.reporters.JUnitXMLReporter -->
<testsuite ignored="0" hostname="SanatKumar" failures="0" tests="3" name="Functional" time="0.014" errors="0" timestamp="2023-08-07T23:46:25 IST">
  <testcase classname="com.batchTest.PaymentTest" name="paymentInDollar" time="0.001"/>
  <testcase classname="com.batchTest.PaymentTest" name="paymentInRupees" time="0.001"/>
  <testcase classname="com.batchTest.PaymentReturns" name="returnByBank" time="0.001"/>
</testsuite> <!-- Functional -->
