<?xml version="1.0" encoding="UTF-8"?>
<!-- Generated by org.testng.reporters.JUnitXMLReporter -->
<testsuite ignored="0" hostname="SanatKumar" failures="0" tests="6" name="Sanity" time="0.1" errors="0" timestamp="2023-08-07T23:46:25 IST">
  <testcase classname="com.batchTest.SignupTest" name="signupByEmail" time="0.014"/>
  <testcase classname="com.batchTest.SignupTest" name="signupByFacebook" time="0.002"/>
  <testcase classname="com.batchTest.SignupTest" name="signupByTwitter" time="0.005"/>
  <testcase classname="com.batchTest.LoginTest" name="loginByEmail" time="0.002"/>
  <testcase classname="com.batchTest.LoginTest" name="loginByFacebook" time="0.002"/>
  <testcase classname="com.batchTest.LoginTest" name="loginByTwitter" time="0.002"/>
</testsuite> <!-- Sanity -->
