<?xml version="1.0" encoding="UTF-8"?>
<!-- Generated by org.testng.reporters.JUnitXMLReporter -->
<testsuite ignored="0" hostname="SanatKumar" failures="0" tests="5" name="TestRunner-2" time="16.4" errors="0" timestamp="2023-08-08T09:19:46 IST">
  <testcase classname="com.testNg.Admin" name="createTour" time="0.01"/>
  <testcase classname="com.testNg.Admin" name="updatingPackage" time="0.001"/>
  <testcase classname="com.testNg.AdminTest" name="bookticket" time="0.008"/>
  <testcase classname="com.testNg.AdminTest" name="cancelTour" time="0.0"/>
  <testcase classname="com.testNg.AdminTest" name="createTour" time="0.0"/>
</testsuite> <!-- TestRunner-2 -->
