<?xml version="1.0" encoding="UTF-8"?>
<!-- Generated by org.testng.reporters.JUnitXMLReporter -->
<testsuite ignored="2" hostname="SanatKumar" failures="0" tests="2" name="Test" time="20.932" errors="0" timestamp="2023-08-09T17:53:44 IST">
  <testcase classname="com.testNg.CreateTourTestNgTest" name="createPkg" time="1.495"/>
  <testcase classname="com.testNg.ManagePackageTestNgTest" name="managePackage" time="3.193"/>
  <testcase classname="com.tms.GenericUtility.BaseClass" name="@AfterSuite config_As" time="0.0">
    <ignored/>
  </testcase> <!-- @AfterSuite config_As -->
  <testcase classname="com.tms.GenericUtility.BaseClass" name="@BeforeSuite config_Bs" time="0.0">
    <ignored/>
  </testcase> <!-- @BeforeSuite config_Bs -->
</testsuite> <!-- Test -->
