<?xml version="1.0" encoding="UTF-8"?>
<testng-results ignored="0" total="1" passed="1" failed="0" skipped="0">
  <reporter-output>
  </reporter-output>
  <suite started-at="2023-07-28T22:11:35 IST" name="Surefire suite" finished-at="2023-07-28T22:11:43 IST" duration-ms="7358">
    <groups>
    </groups>
    <test started-at="2023-07-28T22:11:35 IST" name="Surefire test" finished-at="2023-07-28T22:11:43 IST" duration-ms="7358">
      <class name="com.Pratice.java.HelloCmd">
        <test-method signature="login()[pri:0, instance:com.Pratice.java.HelloCmd@78b1cc93]" started-at="2023-07-28T22:11:36 IST" name="login" finished-at="2023-07-28T22:11:43 IST" duration-ms="7311" status="PASS">
          <reporter-output>
          </reporter-output>
        </test-method> <!-- login -->
      </class> <!-- com.Pratice.java.HelloCmd -->
    </test> <!-- Surefire test -->
  </suite> <!-- Surefire suite -->
</testng-results>
