<?xml version="1.0" encoding="UTF-8"?>
<!-- Generated by org.testng.reporters.JUnitXMLReporter -->
<testsuite ignored="0" hostname="SanatKumar" failures="0" tests="3" name="Test1" time="0.09" errors="0" timestamp="2023-08-08T10:11:57 IST">
  <testcase classname="com.testNg.AdminTest" name="bookticket" time="0.012"/>
  <testcase classname="com.testNg.AdminTest" name="cancelTour" time="0.005"/>
  <testcase classname="com.testNg.AdminTest" name="createTour" time="0.003"/>
</testsuite> <!-- Test1 -->
